2018-09-12 11:52:38 ERROR  : Error connecting to the server: ВАЖНО:  пользователь "postgres" не прошёл проверку подлинности (по паролю)

2018-09-13 08:44:55 ERROR  : Error connecting to the server: ВАЖНО:  пользователь "postgres" не прошёл проверку подлинности (по паролю)

2018-09-13 08:45:03 ERROR  : Error connecting to the server: ВАЖНО:  пользователь "postgres" не прошёл проверку подлинности (по паролю)

2018-09-13 08:45:11 ERROR  : Error connecting to the server: ВАЖНО:  пользователь "postgres" не прошёл проверку подлинности (по паролю)

2018-09-13 08:45:16 ERROR  : Error connecting to the server: ВАЖНО:  пользователь "postgres" не прошёл проверку подлинности (по паролю)

2018-09-18 15:15:51 ERROR  : ОШИБКА:  формат "текст" для COPY не распознан
2018-09-18 15:15:58 ERROR  : no COPY in progress
2018-09-18 15:16:00 ERROR  : Ошибка копирования!

2018-09-18 15:17:28 ERROR  : ОШИБКА:  формат "текст" для COPY не распознан
2018-09-18 15:17:30 ERROR  : no COPY in progress
2018-09-18 15:17:30 ERROR  : Ошибка копирования!

2018-09-18 15:18:12 ERROR  : ОШИБКА:  ошибка синтаксиса (примерное положение: "PGDMP")
LINE 1: PGDMP
        ^
2018-09-18 15:27:09 ERROR  : ОШИБКА:  формат "двоичные данные" для COPY не распознан
2018-09-18 15:27:10 ERROR  : no COPY in progress
2018-09-18 15:27:12 ERROR  : Ошибка копирования!

2018-09-18 15:28:43 ERROR  : ОШИБКА:  ошибка синтаксиса (примерное положение: "\")
LINE 1: \copy (SELECT * FROM layer) to 'C:\persons_client.csv' 
        ^
2018-09-18 15:28:47 ERROR  : ОШИБКА:  не удалось открыть файл "C:\persons_client.csv" для записи: Permission denied
2018-09-18 15:30:06 ERROR  : ОШИБКА:  не удалось открыть файл "C:\persons_email_db.csv" для записи: Permission denied
2018-09-18 15:30:07 ERROR  : ОШИБКА:  не удалось открыть файл "C:\persons_email_db.csv" для записи: Permission denied
2018-09-18 15:30:44 ERROR  : ОШИБКА:  не удалось открыть файл "C:\persons_email_db.csv" для записи: Permission denied
2018-09-18 15:32:58 ERROR  : ОШИБКА:  отношение "public.layer" не существует
2018-09-18 15:33:10 ERROR  : ОШИБКА:  ошибка синтаксиса (примерное положение: "'layer'")
LINE 1: COPY public.'layer' TO 'C:\db.csv' DELIMITER ',' CSV;
                    ^
2018-09-18 15:33:17 ERROR  : ОШИБКА:  отношение "public.layer" не существует
2018-09-18 15:33:52 ERROR  : ОШИБКА:  не удалось открыть файл "C:\db.csv" для записи: Permission denied
2018-09-18 15:37:02 ERROR  : ОШИБКА:  лишние данные после содержимого последнего столбца
CONTEXT:  COPY rrr, строка 1: "1,Заключение об инженерно-геологических условиях учас..."
2018-09-18 15:37:18 ERROR  : Ошибка копирования!

